<?xml version="1.0" encoding="UTF-8"?>
<!-- Generated by org.testng.reporters.JUnitXMLReporter -->
<testsuite ignored="0" hostname="ActiveMac03s-iMac.local" failures="0" tests="9" name="Default test" time="13.572" errors="0" timestamp="2022-02-07T18:34:19 IST">
  <testcase classname="DataDrivenTesting.DataDrivenAddUser_DataProvider" name="PostNewEmployee" time="6.714"/>
  <testcase classname="DataDrivenTesting.DataDrivenAddUser_DataProvider" name="PostNewEmployee" time="0.631"/>
  <testcase classname="DataDrivenTesting.DataDrivenAddUser_DataProvider" name="PostNewEmployee" time="1.02"/>
  <testcase classname="DataDrivenTesting.DataDrivenAddUser_DataProvider" name="PostNewEmployee" time="0.41"/>
  <testcase classname="DataDrivenTesting.DataDrivenAddUser_DataProvider" name="PostNewEmployee" time="0.404"/>
  <testcase classname="DataDrivenTesting.DataDrivenAddUser_DataProvider" name="PostNewEmployee" time="0.441"/>
  <testcase classname="DataDrivenTesting.DataDrivenAddUser_DataProvider" name="PostNewEmployee" time="0.446"/>
  <testcase classname="DataDrivenTesting.DataDrivenAddUser_DataProvider" name="PostNewEmployee" time="0.446"/>
  <testcase classname="DataDrivenTesting.DataDrivenAddUser_DataProvider" name="PostNewEmployee" time="0.421"/>
</testsuite> <!-- Default test -->
