<?xml version="1.0" encoding="UTF-8"?>
<!-- Generated by org.testng.reporters.JUnitXMLReporter -->
<testsuite ignored="0" hostname="ActiveMac03s-iMac.local" failures="0" tests="3" name="Default test" time="4.824" errors="0" timestamp="2022-02-04T16:02:59 IST">
  <testcase classname="DataDrivenTesting.DataDrivenAddUser_DataProvider" name="PostNewEmployee" time="3.296"/>
  <testcase classname="DataDrivenTesting.DataDrivenAddUser_DataProvider" name="PostNewEmployee" time="0.936"/>
  <testcase classname="DataDrivenTesting.DataDrivenAddUser_DataProvider" name="PostNewEmployee" time="0.489"/>
</testsuite> <!-- Default test -->
