<?xml version="1.0" encoding="UTF-8"?>
<testng-results ignored="0" total="3" passed="3" failed="0" skipped="0">
  <reporter-output>
  </reporter-output>
  <suite started-at="2022-02-04T16:02:54 IST" name="Default suite" finished-at="2022-02-04T16:02:59 IST" duration-ms="4824">
    <groups>
    </groups>
    <test started-at="2022-02-04T16:02:54 IST" name="Default test" finished-at="2022-02-04T16:02:59 IST" duration-ms="4824">
      <class name="DataDrivenTesting.DataDrivenAddUser_DataProvider">
        <test-method signature="PostNewEmployee(java.lang.String,java.lang.String)[pri:0, instance:DataDrivenTesting.DataDrivenAddUser_DataProvider@23f7d05d]" started-at="2022-02-04T16:02:54 IST" name="PostNewEmployee" data-provider="empdataprovider" finished-at="2022-02-04T16:02:57 IST" duration-ms="3296" status="PASS">
          <params>
            <param index="0">
              <value>
                <![CDATA[Abhay]]>
              </value>
            </param>
            <param index="1">
              <value>
                <![CDATA[Automation Tester]]>
              </value>
            </param>
          </params>
          <reporter-output>
          </reporter-output>
        </test-method> <!-- PostNewEmployee -->
        <test-method signature="PostNewEmployee(java.lang.String,java.lang.String)[pri:0, instance:DataDrivenTesting.DataDrivenAddUser_DataProvider@23f7d05d]" started-at="2022-02-04T16:02:57 IST" name="PostNewEmployee" data-provider="empdataprovider" finished-at="2022-02-04T16:02:58 IST" duration-ms="936" status="PASS">
          <params>
            <param index="0">
              <value>
                <![CDATA[dilip]]>
              </value>
            </param>
            <param index="1">
              <value>
                <![CDATA[Manual Tester]]>
              </value>
            </param>
          </params>
          <reporter-output>
          </reporter-output>
        </test-method> <!-- PostNewEmployee -->
        <test-method signature="PostNewEmployee(java.lang.String,java.lang.String)[pri:0, instance:DataDrivenTesting.DataDrivenAddUser_DataProvider@23f7d05d]" started-at="2022-02-04T16:02:58 IST" name="PostNewEmployee" data-provider="empdataprovider" finished-at="2022-02-04T16:02:59 IST" duration-ms="489" status="PASS">
          <params>
            <param index="0">
              <value>
                <![CDATA[Ravinder]]>
              </value>
            </param>
            <param index="1">
              <value>
                <![CDATA[Developer]]>
              </value>
            </param>
          </params>
          <reporter-output>
          </reporter-output>
        </test-method> <!-- PostNewEmployee -->
      </class> <!-- DataDrivenTesting.DataDrivenAddUser_DataProvider -->
    </test> <!-- Default test -->
  </suite> <!-- Default suite -->
</testng-results>
