<?xml version="1.0" encoding="UTF-8"?>
<testng-results skipped="0" failed="0" ignored="0" total="1" passed="1">
  <reporter-output>
  </reporter-output>
  <suite name="Default suite" duration-ms="3385" started-at="2022-02-01T11:41:24 IST" finished-at="2022-02-01T11:41:27 IST">
    <groups>
    </groups>
    <test name="Default test" duration-ms="3385" started-at="2022-02-01T11:41:24 IST" finished-at="2022-02-01T11:41:27 IST">
      <class name="TC002_POST_Request">
        <test-method status="PASS" signature="RegistrationSuccessful()[pri:0, instance:TC002_POST_Request@7a765367]" name="RegistrationSuccessful" duration-ms="3342" started-at="2022-02-01T11:41:24 IST" finished-at="2022-02-01T11:41:27 IST">
          <reporter-output>
          </reporter-output>
        </test-method> <!-- RegistrationSuccessful -->
      </class> <!-- TC002_POST_Request -->
    </test> <!-- Default test -->
  </suite> <!-- Default suite -->
</testng-results>
